<?xml version="1.0" encoding="UTF-8"?>
<!-- Generated by org.testng.reporters.JUnitReportReporter -->
<testsuite hostname="TYSS-Shambhavi" failures="0" tests="3" name="TestNG1.multipleTestNG" time="0.008" errors="0" timestamp="2023-12-11T10:25:27 IST" skipped="0">
  <testcase classname="TestNG1.multipleTestNG" name="add" time="0.005"/>
  <system-out>
    <![CDATA[method exicuted]]>
  </system-out>
  <testcase classname="TestNG1.multipleTestNG" name="remove" time="0.002"/>
  <system-out>
    <![CDATA[another test]]>
  </system-out>
  <testcase classname="TestNG1.multipleTestNG" name="delete" time="0.001"/>
  <system-out>
    <![CDATA[TestNG class executed....]]>
  </system-out>
</testsuite> <!-- TestNG1.multipleTestNG -->
