<?xml version="1.0" encoding="UTF-8"?>
<!-- Generated by org.testng.reporters.JUnitReportReporter -->
<testsuite hostname="TYSS-Shambhavi" failures="0" tests="2" name="DataProvider.LoginTestDataProvider" time="14.344" errors="0" timestamp="2023-12-12T10:09:02 IST" skipped="0">
  <testcase classname="DataProvider.LoginTestDataProvider" name="login" time="5.351"/>
  <system-out/>
  <testcase classname="DataProvider.LoginTestDataProvider" name="login" time="8.993"/>
  <system-out/>
</testsuite> <!-- DataProvider.LoginTestDataProvider -->
