<?xml version="1.0" encoding="UTF-8"?>
<!-- Generated by org.testng.reporters.JUnitReportReporter -->
<testsuite hostname="TYSS-Shambhavi" failures="0" tests="1" name="Assertion.DemoLogin" time="5.928" errors="0" timestamp="2023-12-12T10:36:05 IST" skipped="0">
  <testcase classname="Assertion.DemoLogin" name="login" time="5.928"/>
  <system-out>
    <![CDATA[iser logged in]]>
  </system-out>
</testsuite> <!-- Assertion.DemoLogin -->
