<?xml version="1.0" encoding="UTF-8"?>
<!-- Generated by org.testng.reporters.JUnitReportReporter -->
<testsuite hostname="TYSS-Shambhavi" failures="0" tests="1" name="TestNG1.wipro" time="8.331" errors="0" timestamp="2023-12-11T12:18:21 IST" skipped="0">
  <testcase classname="TestNG1.wipro" name="launchWipro" time="8.331"/>
  <system-out>
    <![CDATA[Navigated to Wipro]]>
  </system-out>
</testsuite> <!-- TestNG1.wipro -->
