<?xml version="1.0" encoding="UTF-8"?>
<!-- Generated by org.testng.reporters.JUnitReportReporter -->
<testsuite hostname="TYSS-Shambhavi" failures="0" tests="1" name="TestNG1.configurationmAnnotations" time="3.934" errors="0" timestamp="2023-12-12T23:10:07 IST" skipped="0">
  <testcase classname="TestNG1.configurationmAnnotations" name="demoTest" time="3.934"/>
  <system-out>
    <![CDATA[Demo Test Executed...]]>
  </system-out>
</testsuite> <!-- TestNG1.configurationmAnnotations -->
