<?xml version="1.0" encoding="UTF-8"?>
<!-- Generated by org.testng.reporters.JUnitReportReporter -->
<testsuite hostname="TYSS-Shambhavi" failures="0" tests="1" name="Assertion.HardAssert" time="7.294" errors="0" timestamp="2023-12-12T10:55:00 IST" skipped="0">
  <testcase classname="Assertion.HardAssert" name="login" time="7.294"/>
  <system-out>
    <![CDATA[User logged in successfully]]>
  </system-out>
</testsuite> <!-- Assertion.HardAssert -->
