<?xml version="1.0" encoding="UTF-8"?>
<!-- Generated by org.testng.reporters.JUnitReportReporter -->
<testsuite hostname="TYSS-Shambhavi" failures="0" tests="3" name="TestNG1.CrossBrowserTest" time="19.841" errors="0" timestamp="2023-12-12T12:47:18 IST" skipped="0">
  <testcase classname="TestNG1.CrossBrowserTest" name="demo" time="4.585"/>
  <system-out/>
  <testcase classname="TestNG1.CrossBrowserTest" name="demo" time="9.518"/>
  <system-out/>
  <testcase classname="TestNG1.CrossBrowserTest" name="demo" time="5.738"/>
  <system-out/>
</testsuite> <!-- TestNG1.CrossBrowserTest -->
