<?xml version="1.0" encoding="UTF-8"?>
<!-- Generated by org.testng.reporters.JUnitReportReporter -->
<testsuite hostname="TYSS-Shambhavi" failures="0" tests="1" name="TestNG1.TC_demo_001" time="0.007" errors="0" timestamp="2023-12-11T10:14:20 IST" skipped="0">
  <testcase classname="TestNG1.TC_demo_001" name="sample" time="0.007"/>
  <system-out>
    <![CDATA[TestNG class executed....]]>
  </system-out>
</testsuite> <!-- TestNG1.TC_demo_001 -->
