<?xml version="1.0" encoding="UTF-8"?>
<!-- Generated by org.testng.reporters.JUnitReportReporter -->
<testsuite hostname="TYSS-Shambhavi" failures="0" tests="1" name="TestNG1.amazon" time="3.537" errors="0" timestamp="2023-12-11T12:24:20 IST" skipped="0">
  <testcase classname="TestNG1.amazon" name="launchAmazon" time="3.537"/>
  <system-out>
    <![CDATA[Navigated to Amazon]]>
  </system-out>
</testsuite> <!-- TestNG1.amazon -->
