<?xml version="1.0" encoding="UTF-8"?>
<!-- Generated by org.testng.reporters.JUnitReportReporter -->
<testsuite hostname="TYSS-Shambhavi" failures="0" tests="1" name="TestNG1.TC_DWS_001" time="0.004" errors="0" timestamp="2023-12-11T13:18:32 IST" skipped="0">
  <testcase classname="TestNG1.TC_DWS_001" name="addProductToCart" time="0.004"/>
  <system-out>
    <![CDATA[Product Added To Cart Successfully]]>
  </system-out>
</testsuite> <!-- TestNG1.TC_DWS_001 -->
