<?xml version="1.0" encoding="UTF-8"?>
<!-- Generated by org.testng.reporters.JUnitReportReporter -->
<testsuite hostname="TYSS-Shambhavi" failures="0" tests="1" name="TestNG1.apple" time="2.543" errors="0" timestamp="2023-12-11T12:24:20 IST" skipped="0">
  <testcase classname="TestNG1.apple" name="launchApple" time="2.543"/>
  <system-out>
    <![CDATA[Navigated to Apple]]>
  </system-out>
</testsuite> <!-- TestNG1.apple -->
